Solid Edge Translation to STL
Date: terça-feira,junho 27,2023 03:25
Source File:E:\3d\caixaCorreio\Peça1Base.par
Source System: SOLID EDGE

Hardware:
Processor: 11th Gen Intel(R) Core(TM) i9-11900K @ 3.50GHz
Operating System: Windows 10 Professional
Installed Memory: 127,87 GB

Software Information:
Parasolid Version: 35.0.149
PSBodyshop Version: 35.0.82
Solid Edge Version: 223.00.00.101 x64

STL Export Options:
Output File Format:BINARY
Export Displayed Parts:Off
structureOption: Monolithic
Export Units:Inch
Export Tolerance Value:0,050000
Export Tolerance Type:Custom
Export Surface Plane Angle Value:0,523599

Translation progress:
Phase 1 of 2 Fetching Parasolid information...
Number of STL file Created : 1
Translation process completed
Time required to translate:00 : 00 : 00
